Command line:
   cpu_top_level_tb_isim_beh.exe
     -simmode  gui
     -simrunnum  0
     -socket  49946

Thu Mar 10 16:43:32 2016


 Elaboration Time: 0.046875 sec

 Current Memory Usage: 844.034 Meg

 Total Signals          : 149
 Total Nets             : 1246
 Total Signal Drivers   : 76
 Total Blocks           : 17
 Total Primitive Blocks : 12
 Total Processes        : 75
 Total Traceable Variables  : 54
 Total Scalar Nets and Variables : 4072
Total Line Count : 161

 Total Simulation Time: 0.046875 sec

 Current Memory Usage: 844.034 Meg

Thu Mar 10 17:03:29 2016

