Command line:
   cpu_tb_isim_beh.exe
     -simmode  gui
     -simrunnum  0
     -socket  51283

Thu Feb 25 16:18:38 2016


 Elaboration Time: 0.03125 sec

 Current Memory Usage: 844.022 Meg

 Total Signals          : 160
 Total Nets             : 797
 Total Signal Drivers   : 104
 Total Blocks           : 34
 Total Primitive Blocks : 31
 Total Processes        : 119
 Total Traceable Variables  : 126
 Total Scalar Nets and Variables : 5396
Total Line Count : 429

 Total Simulation Time: 0.0625 sec

 Current Memory Usage: 686.735 Meg

Thu Feb 25 16:23:57 2016

